{"name": "test_create_post", "status": "failed", "statusDetails": {"message": "AssertionError: assert 422 == <HTTPStatus.CREATED: 201>\n +  where 422 = <Response [422]>.status_code\n +  and   <HTTPStatus.CREATED: 201> = HTTPStatus.CREATED", "trace": "@pytest.mark.regression\n    def test_create_post():\n        response = PostAPI().create_post()\n>       assert response.status_code == HTTPStatus.CREATED\nE       assert 422 == <HTTPStatus.CREATED: 201>\nE        +  where 422 = <Response [422]>.status_code\nE        +  and   <HTTPStatus.CREATED: 201> = HTTPStatus.CREATED\n\nhw_13\\tests\\api_tests\\test_api_posts.py:12: AssertionError"}, "steps": [{"name": "create_post", "status": "passed", "parameters": [{"name": "body", "value": "None"}], "start": 1672257220272, "stop": 1672257220902}], "start": 1672257220272, "stop": 1672257220903, "uuid": "e9362e74-13bc-4fec-b395-363aba4541ac", "historyId": "4cba37ea23177b0ce07f79f50ea0e100", "testCaseId": "f0bb7e27693bfedb37de796e3cc6b8f8", "fullName": "hw_13.tests.api_tests.test_api_posts#test_create_post", "labels": [{"name": "tag", "value": "regression"}, {"name": "parentSuite", "value": "hw_13.tests.api_tests"}, {"name": "suite", "value": "test_api_posts"}, {"name": "host", "value": "DESKTOP-YEVHEN"}, {"name": "thread", "value": "22236-MainThread"}, {"name": "framework", "value": "pytest"}, {"name": "language", "value": "cpython3"}, {"name": "package", "value": "hw_13.tests.api_tests.test_api_posts"}]}